TN:
SF:/home/tai/hardhat-lottery-smartcontract-fcc/contracts/Raffle.sol
FN:57,constructor
FN:68,enterRaffle
FN:92,checkUpkeep
FN:115,performUpkeep
FN:143,fulfillRandomWords
FN:169,getRaffleState
FN:173,getNumWords
FN:177,getRequestConfirmations
FN:181,getRecentWinner
FN:185,getPlayer
FN:189,getLastTimeStamp
FN:193,getInterval
FN:197,getEntranceFee
FN:201,getNumberOfPlayers
FNF:14
FNH:9
FNDA:3,constructor
FNDA:15,enterRaffle
FNDA:9,checkUpkeep
FNDA:5,performUpkeep
FNDA:0,fulfillRandomWords
FNDA:3,getRaffleState
FNDA:0,getNumWords
FNDA:0,getRequestConfirmations
FNDA:0,getRecentWinner
FNDA:1,getPlayer
FNDA:1,getLastTimeStamp
FNDA:14,getInterval
FNDA:14,getEntranceFee
FNDA:0,getNumberOfPlayers
DA:58,3
DA:59,3
DA:60,3
DA:61,3
DA:62,3
DA:63,3
DA:64,3
DA:65,3
DA:71,15
DA:72,1
DA:74,14
DA:75,1
DA:77,13
DA:80,13
DA:103,9
DA:104,9
DA:105,9
DA:106,9
DA:107,9
DA:108,9
DA:118,5
DA:120,5
DA:121,1
DA:127,4
DA:128,4
DA:136,4
DA:153,0
DA:154,0
DA:155,0
DA:156,0
DA:157,0
DA:158,0
DA:159,0
DA:161,0
DA:162,0
DA:164,0
DA:170,3
DA:174,0
DA:178,0
DA:182,0
DA:186,1
DA:190,1
DA:194,14
DA:198,14
DA:202,0
LF:45
LH:31
BRDA:71,1,0,1
BRDA:71,1,1,14
BRDA:74,2,0,1
BRDA:74,2,1,13
BRDA:120,3,0,1
BRDA:120,3,1,4
BRDA:161,4,0,0
BRDA:161,4,1,0
BRF:8
BRH:6
end_of_record
TN:
SF:/home/tai/hardhat-lottery-smartcontract-fcc/contracts/test/VRFCoordinatorV2Mock.sol
FNF:0
FNH:0
LF:0
LH:0
BRF:0
BRH:0
end_of_record
